2026-07-10 22:25:41,796 - INFO - Succesfully read the YAML file
2026-07-10 22:25:41,797 - INFO - Data Ingestion Started....
2026-07-10 22:25:41,797 - INFO - Starting Data Ingestion Process....
2026-07-10 22:25:45,639 - ERROR - Error while downloading data from GCP
2026-07-10 22:25:45,639 - ERROR - CustomException : Error in E:\Udemy\MLOPSProject\AnimeRecommenderSystem\src\data_ingestion.py , line 25 : Failed to download data
2026-07-10 22:25:45,639 - INFO - Data Ingestion DONE...
2026-07-10 22:28:00,485 - INFO - Succesfully read the YAML file
2026-07-10 22:28:00,485 - INFO - Data Ingestion Started....
2026-07-10 22:28:00,486 - INFO - Starting Data Ingestion Process....
2026-07-10 22:28:04,056 - ERROR - Error while downloading data from GCP
2026-07-10 22:28:04,057 - ERROR - CustomException : Error in E:\Udemy\MLOPSProject\AnimeRecommenderSystem\src\data_ingestion.py , line 25 : Failed to download data
2026-07-10 22:28:04,057 - INFO - Data Ingestion DONE...
2026-07-10 22:30:37,174 - INFO - Succesfully read the YAML file
2026-07-10 22:30:37,175 - INFO - Data Ingestion Started....
2026-07-10 22:30:37,176 - INFO - Starting Data Ingestion Process....
2026-07-10 22:30:41,487 - INFO - Downloading Smaller Files ie anime and anime_with synopsis
2026-07-10 22:30:43,830 - INFO - Downloading Smaller Files ie anime and anime_with synopsis
2026-07-10 22:35:50,676 - INFO - Large file detected Only downloading 5M rows
2026-07-10 22:35:50,693 - INFO - Data Ingestion Completed...
2026-07-10 22:35:50,693 - INFO - Data Ingestion DONE...
2026-07-10 22:45:15,447 - INFO - Succesfully read the YAML file
2026-07-10 22:45:15,447 - INFO - Data Ingestion Started....
2026-07-10 22:45:15,447 - INFO - Starting Data Ingestion Process....
2026-07-10 22:45:19,258 - INFO - Downloading Smaller Files ie anime and anime_with synopsis
2026-07-10 22:45:20,939 - INFO - Downloading Smaller Files ie anime and anime_with synopsis
2026-07-10 22:48:32,022 - INFO - Large file detected Only downloading 5M rows
2026-07-10 22:48:32,045 - INFO - Data Ingestion Completed...
2026-07-10 22:48:32,046 - INFO - Data Ingestion DONE...
